<?xml version="1.0" encoding="UTF-8"?>
<!-- Generated by org.testng.reporters.JUnitXMLReporter -->
<testsuite ignored="0" hostname="MSI" failures="0" tests="2" name="Surefire test" time="0.178" errors="0" timestamp="2024-08-01T20:57:55 WIB">
  <testcase classname="DemoTestNG.ConfigurationAnnotations_2_ListBox" name="test1_BootstrapListBox" time="0.009"/>
  <testcase classname="DemoTestNG.ConfigurationAnnotations_2_ListBox" name="test2_JQueryListBox" time="0.002"/>
</testsuite> <!-- Surefire test -->
