<?xml version="1.0" encoding="UTF-8"?>
<!-- Generated by org.testng.reporters.JUnitXMLReporter -->
<testsuite ignored="1" hostname="MSI" failures="0" tests="3" name="Run Class Annotations" time="0.258" errors="0" timestamp="2024-08-01T22:20:26 WIB">
  <testcase classname="DemoTestNG.ConfigurationAnnotations_1_DatePickers" name="test1_BootstrapDatePicker" time="0.01"/>
  <testcase classname="DemoTestNG.ConfigurationAnnotations_2_ListBox" name="test1_BootstrapListBox" time="0.002"/>
  <testcase classname="DemoTestNG.ConfigurationAnnotations_2_ListBox" name="test2_JQueryListBox" time="0.001"/>
  <testcase classname="DemoTestNG.ConfigurationAnnotations_1_DatePickers" name="test2_JQueryDatePicker" time="0.0">
    <ignored/>
  </testcase> <!-- test2_JQueryDatePicker -->
</testsuite> <!-- Run Class Annotations -->
