<?xml version="1.0" encoding="UTF-8"?>
<testsuite xmlns:xsi="http://www.w3.org/2001/XMLSchema-instance" xsi:noNamespaceSchemaLocation="https://maven.apache.org/surefire/maven-surefire-plugin/xsd/surefire-test-report-3.0.xsd" version="3.0" name="DemoTestNG.ConfigurationAnnotations_2_ListBox" time="1.689" tests="2" errors="0" skipped="0" failures="0">
  <properties>
[...]
</properties>
  <testcase name="test1_BootstrapListBox" classname="DemoTestNG.ConfigurationAnnotations_2_ListBox" time="0.005">
    <system-out><![CDATA[Execute Before Class : Date Pickers
Execute Before Each Test Method
Test Method 3 : Bootstrap List Box
]]></system-out>
    <system-err><![CDATA[SLF4J: Failed to load class "org.slf4j.impl.StaticLoggerBinder".
SLF4J: Defaulting to no-operation (NOP) logger implementation
SLF4J: See http://www.slf4j.org/codes.html#StaticLoggerBinder for further details.
]]></system-err>
  </testcase>
  <testcase name="test2_JQueryListBox" classname="DemoTestNG.ConfigurationAnnotations_2_ListBox" time="0.001">
    <system-out><![CDATA[Execute After Each Test Method
Execute Before Each Test Method
Test Method 4 : JQuery List Box
]]></system-out>
  </testcase>
</testsuite>