<?xml version="1.0" encoding="UTF-8"?>
<testng-results ignored="0" total="1" passed="1" failed="0" skipped="0">
  <reporter-output>
  </reporter-output>
  <suite started-at="2024-08-10T21:06:01 WIB" name="Annotations" finished-at="2024-08-10T21:06:20 WIB" duration-ms="18519">
    <groups>
    </groups>
    <test started-at="2024-08-10T21:06:01 WIB" name="Run Class Annotations" finished-at="2024-08-10T21:06:20 WIB" duration-ms="18519">
      <class name="DemoTestNG.FirstAutomatedTest">
        <test-method is-config="true" signature="setUp()[pri:0, instance:DemoTestNG.FirstAutomatedTest@6dc17b83]" started-at="2024-08-10T21:06:01 WIB" name="setUp" finished-at="2024-08-10T21:06:16 WIB" duration-ms="14514" status="PASS">
          <reporter-output>
          </reporter-output>
        </test-method> <!-- setUp -->
        <test-method signature="testTableSortAndSearch()[pri:0, instance:DemoTestNG.FirstAutomatedTest@6dc17b83]" started-at="2024-08-10T21:06:16 WIB" name="testTableSortAndSearch" finished-at="2024-08-10T21:06:20 WIB" duration-ms="3889" status="PASS">
          <reporter-output>
          </reporter-output>
        </test-method> <!-- testTableSortAndSearch -->
        <test-method is-config="true" signature="teardown()[pri:0, instance:DemoTestNG.FirstAutomatedTest@6dc17b83]" started-at="2024-08-10T21:06:20 WIB" name="teardown" finished-at="2024-08-10T21:06:20 WIB" duration-ms="1" status="PASS">
          <reporter-output>
          </reporter-output>
        </test-method> <!-- teardown -->
      </class> <!-- DemoTestNG.FirstAutomatedTest -->
    </test> <!-- Run Class Annotations -->
  </suite> <!-- Annotations -->
</testng-results>
