<?xml version="1.0" encoding="UTF-8"?>
<testng-results ignored="0" total="3" passed="3" failed="0" skipped="0">
  <reporter-output>
  </reporter-output>
  <suite started-at="2024-08-01T22:20:26 WIB" name="Annotations" finished-at="2024-08-01T22:20:26 WIB" duration-ms="258">
    <groups>
      <group name="smoke">
        <method signature="ConfigurationAnnotations_1_DatePickers.test1_BootstrapDatePicker()[pri:0, instance:DemoTestNG.ConfigurationAnnotations_1_DatePickers@dbf57b3]" name="test1_BootstrapDatePicker" class="DemoTestNG.ConfigurationAnnotations_1_DatePickers"/>
        <method signature="ConfigurationAnnotations_2_ListBox.test1_BootstrapListBox()[pri:0, instance:DemoTestNG.ConfigurationAnnotations_2_ListBox@12468a38]" name="test1_BootstrapListBox" class="DemoTestNG.ConfigurationAnnotations_2_ListBox"/>
        <method signature="ConfigurationAnnotations_2_ListBox.test2_JQueryListBox()[pri:0, instance:DemoTestNG.ConfigurationAnnotations_2_ListBox@12468a38]" name="test2_JQueryListBox" class="DemoTestNG.ConfigurationAnnotations_2_ListBox"/>
      </group> <!-- smoke -->
    </groups>
    <test started-at="2024-08-01T22:20:26 WIB" name="Run Class Annotations" finished-at="2024-08-01T22:20:26 WIB" duration-ms="258">
      <class name="DemoTestNG.ConfigurationAnnotations_1_DatePickers">
        <test-method signature="test1_BootstrapDatePicker()[pri:0, instance:DemoTestNG.ConfigurationAnnotations_1_DatePickers@dbf57b3]" started-at="2024-08-01T22:20:26 WIB" name="test1_BootstrapDatePicker" finished-at="2024-08-01T22:20:26 WIB" duration-ms="10" status="PASS">
          <reporter-output>
          </reporter-output>
        </test-method> <!-- test1_BootstrapDatePicker -->
      </class> <!-- DemoTestNG.ConfigurationAnnotations_1_DatePickers -->
      <class name="DemoTestNG.ConfigurationAnnotations_2_ListBox">
        <test-method is-config="true" signature="beforeSuite()[pri:0, instance:DemoTestNG.ConfigurationAnnotations_2_ListBox@12468a38]" started-at="2024-08-01T22:20:26 WIB" name="beforeSuite" finished-at="2024-08-01T22:20:26 WIB" duration-ms="78" status="PASS">
          <reporter-output>
          </reporter-output>
        </test-method> <!-- beforeSuite -->
        <test-method is-config="true" signature="beforeTest()[pri:0, instance:DemoTestNG.ConfigurationAnnotations_2_ListBox@12468a38]" started-at="2024-08-01T22:20:26 WIB" name="beforeTest" finished-at="2024-08-01T22:20:26 WIB" duration-ms="1" status="PASS">
          <reporter-output>
          </reporter-output>
        </test-method> <!-- beforeTest -->
        <test-method is-config="true" signature="beforeGroups()[pri:0, instance:DemoTestNG.ConfigurationAnnotations_2_ListBox@12468a38]" started-at="2024-08-01T22:20:26 WIB" name="beforeGroups" finished-at="2024-08-01T22:20:26 WIB" duration-ms="2" status="PASS">
          <reporter-output>
          </reporter-output>
        </test-method> <!-- beforeGroups -->
        <test-method is-config="true" signature="beforeClass()[pri:0, instance:DemoTestNG.ConfigurationAnnotations_2_ListBox@12468a38]" started-at="2024-08-01T22:20:26 WIB" name="beforeClass" finished-at="2024-08-01T22:20:26 WIB" duration-ms="1" status="PASS">
          <reporter-output>
          </reporter-output>
        </test-method> <!-- beforeClass -->
        <test-method is-config="true" signature="beforeMethod()[pri:0, instance:DemoTestNG.ConfigurationAnnotations_2_ListBox@12468a38]" started-at="2024-08-01T22:20:26 WIB" name="beforeMethod" finished-at="2024-08-01T22:20:26 WIB" duration-ms="1" status="PASS">
          <reporter-output>
          </reporter-output>
        </test-method> <!-- beforeMethod -->
        <test-method signature="test1_BootstrapListBox()[pri:0, instance:DemoTestNG.ConfigurationAnnotations_2_ListBox@12468a38]" started-at="2024-08-01T22:20:26 WIB" name="test1_BootstrapListBox" finished-at="2024-08-01T22:20:26 WIB" duration-ms="2" status="PASS">
          <reporter-output>
          </reporter-output>
        </test-method> <!-- test1_BootstrapListBox -->
        <test-method is-config="true" signature="afterMethod()[pri:0, instance:DemoTestNG.ConfigurationAnnotations_2_ListBox@12468a38]" started-at="2024-08-01T22:20:26 WIB" name="afterMethod" finished-at="2024-08-01T22:20:26 WIB" duration-ms="2" status="PASS">
          <reporter-output>
          </reporter-output>
        </test-method> <!-- afterMethod -->
        <test-method is-config="true" signature="beforeMethod()[pri:0, instance:DemoTestNG.ConfigurationAnnotations_2_ListBox@12468a38]" started-at="2024-08-01T22:20:26 WIB" name="beforeMethod" finished-at="2024-08-01T22:20:26 WIB" duration-ms="1" status="PASS">
          <reporter-output>
          </reporter-output>
        </test-method> <!-- beforeMethod -->
        <test-method signature="test2_JQueryListBox()[pri:0, instance:DemoTestNG.ConfigurationAnnotations_2_ListBox@12468a38]" started-at="2024-08-01T22:20:26 WIB" name="test2_JQueryListBox" finished-at="2024-08-01T22:20:26 WIB" duration-ms="1" status="PASS">
          <reporter-output>
          </reporter-output>
        </test-method> <!-- test2_JQueryListBox -->
        <test-method is-config="true" signature="afterMethod()[pri:0, instance:DemoTestNG.ConfigurationAnnotations_2_ListBox@12468a38]" started-at="2024-08-01T22:20:26 WIB" name="afterMethod" finished-at="2024-08-01T22:20:26 WIB" duration-ms="0" status="PASS">
          <reporter-output>
          </reporter-output>
        </test-method> <!-- afterMethod -->
        <test-method is-config="true" signature="afterGroups()[pri:0, instance:DemoTestNG.ConfigurationAnnotations_2_ListBox@12468a38]" started-at="2024-08-01T22:20:26 WIB" name="afterGroups" finished-at="2024-08-01T22:20:26 WIB" duration-ms="1" status="PASS">
          <reporter-output>
          </reporter-output>
        </test-method> <!-- afterGroups -->
        <test-method is-config="true" signature="afterClass()[pri:0, instance:DemoTestNG.ConfigurationAnnotations_2_ListBox@12468a38]" started-at="2024-08-01T22:20:26 WIB" name="afterClass" finished-at="2024-08-01T22:20:26 WIB" duration-ms="0" status="PASS">
          <reporter-output>
          </reporter-output>
        </test-method> <!-- afterClass -->
        <test-method is-config="true" signature="afterTest()[pri:0, instance:DemoTestNG.ConfigurationAnnotations_2_ListBox@12468a38]" started-at="2024-08-01T22:20:26 WIB" name="afterTest" finished-at="2024-08-01T22:20:26 WIB" duration-ms="1" status="PASS">
          <reporter-output>
          </reporter-output>
        </test-method> <!-- afterTest -->
        <test-method is-config="true" signature="afterSuite()[pri:0, instance:DemoTestNG.ConfigurationAnnotations_2_ListBox@12468a38]" started-at="2024-08-01T22:20:26 WIB" name="afterSuite" finished-at="2024-08-01T22:20:26 WIB" duration-ms="2" status="PASS">
          <reporter-output>
          </reporter-output>
        </test-method> <!-- afterSuite -->
      </class> <!-- DemoTestNG.ConfigurationAnnotations_2_ListBox -->
    </test> <!-- Run Class Annotations -->
  </suite> <!-- Annotations -->
</testng-results>
